Flat profile:

Each sample counts as 0.01 seconds.
  %   cumulative   self              self     total           
 time   seconds   seconds    calls  ms/call  ms/call  name    
 78.40      6.71     6.71     5000     1.34     1.34  b
 22.52      8.64     1.93     5000     0.39     0.39  a

			Call graph


granularity: each sample hit covers 2 byte(s) for 0.12% of 8.64 seconds

index % time    self  children    called     name
                                                 <spontaneous>
[1]    100.0    0.00    8.64                 main [1]
                6.71    0.00    5000/5000        b [2]
                1.93    0.00    5000/5000        a [3]
-----------------------------------------------
                6.71    0.00    5000/5000        main [1]
[2]     77.7    6.71    0.00    5000         b [2]
-----------------------------------------------
                1.93    0.00    5000/5000        main [1]
[3]     22.3    1.93    0.00    5000         a [3]
-----------------------------------------------

Index by function name

   [3] a                       [2] b
